<?xml version="1.0" encoding="UTF-8"?>
<!-- Generated by org.testng.reporters.JUnitReportReporter -->
<testsuite skipped="0" hostname="Jo" name="com.restassured.Getbytestng" tests="3" failures="0" timestamp="2022-06-05T12:31:52 IST" time="5.323" errors="0">
  <testcase name="getMethod" time="3.474" classname="com.restassured.Getbytestng"/>
  <system-out/>
  <testcase name="getBddMethod" time="0.779" classname="com.restassured.Getbytestng"/>
  <system-out/>
  <testcase name="getBddstylewiththen" time="1.070" classname="com.restassured.Getbytestng"/>
  <system-out/>
</testsuite> <!-- com.restassured.Getbytestng -->
