<?xml version="1.0" encoding="UTF-8"?>
<!-- Generated by org.testng.reporters.JUnitReportReporter -->
<testsuite skipped="0" hostname="Jo" name="com.restassured.Put_json" tests="1" failures="0" timestamp="2022-06-05T19:00:41 IST" time="4.068" errors="0">
  <testcase name="putmethod" time="4.068" classname="com.restassured.Put_json"/>
  <system-out/>
</testsuite> <!-- com.restassured.Put_json -->
