<?xml version="1.0" encoding="UTF-8"?>
<!-- Generated by org.testng.reporters.JUnitReportReporter -->
<testsuite skipped="0" hostname="Jo" name="com.restassured.Testbytestng" tests="1" failures="0" timestamp="2022-06-05T11:59:37 IST" time="3.729" errors="0">
  <testcase name="getmethod" time="3.729" classname="com.restassured.Testbytestng"/>
  <system-out/>
</testsuite> <!-- com.restassured.Testbytestng -->
